Flow report for MIPS
Mon Apr 29 07:16:21 2013
Quartus II 32-bit Version 11.1 Build 259 01/25/2012 Service Pack 2 SJ Web Edition


---------------------
; Table of Contents ;
---------------------
  1. Legal Notice
  2. Flow Summary
  3. Flow Settings
  4. Flow Non-Default Global Settings
  5. Flow Elapsed Time
  6. Flow OS Summary
  7. Flow Log



----------------
; Legal Notice ;
----------------
Copyright (C) 1991-2011 Altera Corporation
Your use of Altera Corporation's design tools, logic functions 
and other software and tools, and its AMPP partner logic 
functions, and any output files from any of the foregoing 
(including device programming or simulation files), and any 
associated documentation or information are expressly subject 
to the terms and conditions of the Altera Program License 
Subscription Agreement, Altera MegaCore Function License 
Agreement, or other applicable license agreement, including, 
without limitation, that your use is for the sole purpose of 
programming logic devices manufactured by Altera and sold by 
Altera or its authorized distributors.  Please refer to the 
applicable agreement for further details.



+------------------------------------------------------------------------------------+
; Flow Summary                                                                       ;
+------------------------------------+-----------------------------------------------+
; Flow Status                        ; Successful - Mon Apr 29 07:16:20 2013         ;
; Quartus II 32-bit Version          ; 11.1 Build 259 01/25/2012 SP 2 SJ Web Edition ;
; Revision Name                      ; MIPS                                          ;
; Top-level Entity Name              ; MIPS                                          ;
; Family                             ; Cyclone II                                    ;
; Device                             ; EP2C20F484C7                                  ;
; Timing Models                      ; Final                                         ;
; Total logic elements               ; 1,713 / 18,752 ( 9 % )                        ;
;     Total combinational functions  ; 1,713 / 18,752 ( 9 % )                        ;
;     Dedicated logic registers      ; 1,000 / 18,752 ( 5 % )                        ;
; Total registers                    ; 1000                                          ;
; Total pins                         ; 176 / 315 ( 56 % )                            ;
; Total virtual pins                 ; 0                                             ;
; Total memory bits                  ; 16,384 / 239,616 ( 7 % )                      ;
; Embedded Multiplier 9-bit elements ; 0 / 52 ( 0 % )                                ;
; Total PLLs                         ; 0 / 4 ( 0 % )                                 ;
+------------------------------------+-----------------------------------------------+


+-----------------------------------------+
; Flow Settings                           ;
+-------------------+---------------------+
; Option            ; Setting             ;
+-------------------+---------------------+
; Start date & time ; 04/29/2013 07:13:01 ;
; Main task         ; Compilation         ;
; Revision Name     ; MIPS                ;
+-------------------+---------------------+


+----------------------------------------------------------------------------------------------------------------------------------------------------+
; Flow Non-Default Global Settings                                                                                                                   ;
+--------------------------------------------+---------------------------------------+--------------------------------+-------------+----------------+
; Assignment Name                            ; Value                                 ; Default Value                  ; Entity Name ; Section Id     ;
+--------------------------------------------+---------------------------------------+--------------------------------+-------------+----------------+
; AUTO_ENABLE_SMART_COMPILE                  ; On                                    ; --                             ; --          ; --             ;
; COMPILER_SIGNATURE_ID                      ; 129854113552995.136720878108820       ; --                             ; --          ; --             ;
; EDA_DESIGN_INSTANCE_NAME                   ; NA                                    ; --                             ; --          ; MIPS_tb        ;
; EDA_NATIVELINK_SIMULATION_TEST_BENCH       ; MIPS_tb                               ; --                             ; --          ; eda_simulation ;
; EDA_OUTPUT_DATA_FORMAT                     ; Vhdl                                  ; --                             ; --          ; eda_simulation ;
; EDA_SIMULATION_TOOL                        ; ModelSim-Altera (VHDL)                ; <None>                         ; --          ; --             ;
; EDA_TEST_BENCH_ENABLE_STATUS               ; TEST_BENCH_MODE                       ; --                             ; --          ; eda_simulation ;
; EDA_TEST_BENCH_FILE                        ; ../tb/mips_tester_struct.vhd          ; --                             ; --          ; MIPS_tb        ;
; EDA_TEST_BENCH_FILE                        ; ../tb/mips_tb_struct.vhd              ; --                             ; --          ; MIPS_tb        ;
; EDA_TEST_BENCH_MODULE_NAME                 ; MIPS_tb                               ; --                             ; --          ; MIPS_tb        ;
; EDA_TEST_BENCH_NAME                        ; MIPS_tb                               ; --                             ; --          ; eda_simulation ;
; EDA_TEST_BENCH_RUN_SIM_FOR                 ; 20 us                                 ; --                             ; --          ; MIPS_tb        ;
; EDA_TIME_SCALE                             ; 1 ps                                  ; --                             ; --          ; eda_simulation ;
; ENABLE_SIGNALTAP                           ; Off                                   ; --                             ; --          ; --             ;
; FITTER_EFFORT                              ; Fast Fit                              ; Auto Fit                       ; --          ; --             ;
; FIT_ONLY_ONE_ATTEMPT                       ; On                                    ; Off                            ; --          ; --             ;
; FLOW_DISABLE_ASSEMBLER                     ; On                                    ; Off                            ; --          ; --             ;
; MAX_CORE_JUNCTION_TEMP                     ; 85                                    ; --                             ; --          ; --             ;
; MIN_CORE_JUNCTION_TEMP                     ; 0                                     ; --                             ; --          ; --             ;
; OPTIMIZE_HOLD_TIMING                       ; Off                                   ; IO Paths and Minimum TPD Paths ; --          ; --             ;
; OPTIMIZE_IOC_REGISTER_PLACEMENT_FOR_TIMING ; Off                                   ; Normal                         ; --          ; --             ;
; OPTIMIZE_TIMING                            ; Off                                   ; Normal compilation             ; --          ; --             ;
; PARTITION_COLOR                            ; 16764057                              ; --                             ; --          ; Top            ;
; PARTITION_FITTER_PRESERVATION_LEVEL        ; PLACEMENT_AND_ROUTING                 ; --                             ; --          ; Top            ;
; PARTITION_NETLIST_TYPE                     ; SOURCE                                ; --                             ; --          ; Top            ;
; POWER_BOARD_THERMAL_MODEL                  ; None (CONSERVATIVE)                   ; --                             ; --          ; --             ;
; POWER_INPUT_SAF_NAME                       ; MIPS.saf                              ; --                             ; --          ; --             ;
; POWER_PRESET_COOLING_SOLUTION              ; 23 MM HEAT SINK WITH 200 LFPM AIRFLOW ; --                             ; --          ; --             ;
; POWER_USE_INPUT_FILE                       ; Signal Activity File                  ; No File                        ; --          ; --             ;
; SMART_RECOMPILE                            ; On                                    ; Off                            ; --          ; --             ;
+--------------------------------------------+---------------------------------------+--------------------------------+-------------+----------------+


+-------------------------------------------------------------------------------------------------------------------------------+
; Flow Elapsed Time                                                                                                             ;
+---------------------------+--------------+-------------------------+---------------------+------------------------------------+
; Module Name               ; Elapsed Time ; Average Processors Used ; Peak Virtual Memory ; Total CPU Time (on all processors) ;
+---------------------------+--------------+-------------------------+---------------------+------------------------------------+
; Analysis & Synthesis      ; 00:00:34     ; 1.0                     ; 348 MB              ; 00:00:19                           ;
; Fitter                    ; 00:00:29     ; 1.0                     ; 368 MB              ; 00:00:15                           ;
; TimeQuest Timing Analyzer ; 00:02:01     ; 1.0                     ; 336 MB              ; 00:01:47                           ;
; EDA Netlist Writer        ; 00:00:15     ; 1.0                     ; 285 MB              ; 00:00:05                           ;
; Total                     ; 00:03:19     ; --                      ; --                  ; 00:02:26                           ;
+---------------------------+--------------+-------------------------+---------------------+------------------------------------+


+----------------------------------------------------------------------------------------+
; Flow OS Summary                                                                        ;
+---------------------------+------------------+-----------+------------+----------------+
; Module Name               ; Machine Hostname ; OS Name   ; OS Version ; Processor type ;
+---------------------------+------------------+-----------+------------+----------------+
; Analysis & Synthesis      ; kolaman-PC       ; Windows 7 ; 6.1        ; x86_64         ;
; Fitter                    ; kolaman-PC       ; Windows 7 ; 6.1        ; x86_64         ;
; TimeQuest Timing Analyzer ; kolaman-PC       ; Windows 7 ; 6.1        ; x86_64         ;
; EDA Netlist Writer        ; kolaman-PC       ; Windows 7 ; 6.1        ; x86_64         ;
+---------------------------+------------------+-----------+------------+----------------+


------------
; Flow Log ;
------------
quartus_map --read_settings_files=on --write_settings_files=off MIPS -c MIPS
quartus_fit --read_settings_files=off --write_settings_files=off MIPS -c MIPS
quartus_sta MIPS -c MIPS
quartus_eda --read_settings_files=off --write_settings_files=off MIPS -c MIPS



